Build started 11/11/2013 11:58:37 AM.
     1>Project "\\appsdata3.fvtc.edu\userdata$\200140931\my documents\visual studio 2012\Projects\byRef\byRef\byRef.vcxproj" on node 2 (Build target(s)).
     1>ClCompile:
         C:\Program Files (x86)\Microsoft Visual Studio 2012\VC\bin\CL.exe /c /ZI /nologo /W3 /WX- /sdl /Od /Oy- /D _MBCS /Gm /EHsc /RTC1 /MDd /GS /fp:precise /Zc:wchar_t /Zc:forScope /Fo"Debug\\" /Fd"Debug\vc110.pdb" /Gd /TP /analyze- /errorReport:prompt main.cpp
         main.cpp
     1>\\appsdata3.fvtc.edu\userdata$\200140931\my documents\visual studio 2012\projects\byref\byref\main.cpp(23): error C2143: syntax error : missing ';' before '&&'
     1>\\appsdata3.fvtc.edu\userdata$\200140931\my documents\visual studio 2012\projects\byref\byref\main.cpp(23): error C2143: syntax error : missing ';' before '{'
     1>Done Building Project "\\appsdata3.fvtc.edu\userdata$\200140931\my documents\visual studio 2012\Projects\byRef\byRef\byRef.vcxproj" (Build target(s)) -- FAILED.

Build FAILED.

Time Elapsed 00:00:01.24
